SF:/home/schlpbch/code/deno-mcp-gateway/main.ts
FN:48,handler
FNDA:44,handler
FNF:1
FNH:1
BRDA:265,0,0,0
BRDA:55,1,0,3
BRDA:57,1,1,41
BRDA:62,1,2,0
BRDA:64,1,3,41
BRDA:67,1,4,6
BRDA:69,1,5,35
BRDA:72,1,6,7
BRDA:74,1,7,28
BRDA:77,1,8,0
BRDA:77,1,9,0
BRDA:79,1,10,28
BRDA:82,1,11,0
BRDA:82,1,12,0
BRDA:90,1,13,28
BRDA:93,1,14,22
BRDA:93,1,15,6
BRDA:93,1,16,6
BRDA:94,1,17,4
BRDA:100,1,18,22
BRDA:103,1,19,0
BRDA:103,1,20,0
BRDA:106,1,21,22
BRDA:109,1,22,0
BRDA:109,1,23,0
BRDA:112,1,24,22
BRDA:115,1,25,16
BRDA:115,1,26,7
BRDA:115,1,27,6
BRDA:120,1,28,16
BRDA:122,1,29,14
BRDA:122,1,30,2
BRDA:122,1,31,2
BRDA:123,1,32,1
BRDA:124,1,33,0
BRDA:128,1,34,14
BRDA:130,1,35,13
BRDA:130,1,36,1
BRDA:130,1,37,1
BRDA:135,1,38,13
BRDA:137,1,39,12
BRDA:137,1,40,1
BRDA:137,1,41,1
BRDA:142,1,42,12
BRDA:144,1,43,11
BRDA:144,1,44,1
BRDA:144,1,45,1
BRDA:146,1,46,0
BRDA:150,1,47,11
BRDA:152,1,48,10
BRDA:152,1,49,1
BRDA:152,1,50,1
BRDA:154,1,51,0
BRDA:158,1,52,10
BRDA:161,1,53,2
BRDA:161,1,54,2
BRDA:165,1,55,0
BRDA:172,1,56,8
BRDA:175,1,57,1
BRDA:175,1,58,1
BRDA:181,1,59,7
BRDA:184,1,60,0
BRDA:184,1,61,0
BRDA:194,1,62,7
BRDA:198,1,63,1
BRDA:198,1,64,1
BRDA:201,1,65,6
BRDA:205,1,66,1
BRDA:205,1,67,1
BRDA:208,1,68,5
BRDA:210,1,69,1
BRDA:210,1,70,1
BRDA:224,1,71,0
BRDA:244,1,72,4
BRDA:248,1,73,6
BRDA:251,1,74,0
BRF:76
BRH:58
DA:15,1
DA:18,1
DA:19,1
DA:20,1
DA:21,1
DA:22,1
DA:23,1
DA:24,1
DA:25,1
DA:26,1
DA:27,1
DA:28,1
DA:29,1
DA:30,1
DA:31,1
DA:32,1
DA:33,1
DA:34,1
DA:35,1
DA:41,1
DA:42,1
DA:48,1
DA:49,45
DA:50,45
DA:52,45
DA:55,45
DA:56,48
DA:57,48
DA:59,86
DA:61,86
DA:62,0
DA:63,0
DA:64,0
DA:67,45
DA:68,51
DA:69,51
DA:72,45
DA:73,52
DA:74,52
DA:77,0
DA:78,0
DA:79,0
DA:82,0
DA:83,0
DA:84,0
DA:85,0
DA:86,0
DA:87,0
DA:88,0
DA:90,0
DA:93,45
DA:94,51
DA:95,55
DA:96,55
DA:97,55
DA:98,55
DA:100,55
DA:103,0
DA:104,0
DA:105,0
DA:106,0
DA:109,0
DA:110,0
DA:111,0
DA:112,0
DA:115,45
DA:116,51
DA:117,51
DA:118,204
DA:119,51
DA:120,51
DA:122,45
DA:123,47
DA:124,48
DA:125,0
DA:126,0
DA:127,0
DA:128,0
DA:130,45
DA:131,46
DA:132,46
DA:133,184
DA:134,46
DA:135,46
DA:137,45
DA:138,46
DA:139,46
DA:140,184
DA:141,46
DA:142,46
DA:144,45
DA:145,46
DA:146,46
DA:147,0
DA:148,0
DA:149,0
DA:150,0
DA:152,45
DA:153,46
DA:154,46
DA:155,0
DA:156,0
DA:157,0
DA:158,0
DA:161,45
DA:162,47
DA:163,47
DA:164,47
DA:165,0
DA:166,0
DA:167,0
DA:168,0
DA:169,0
DA:171,0
DA:172,47
DA:175,45
DA:176,46
DA:177,138
DA:178,46
DA:179,46
DA:180,46
DA:181,46
DA:184,0
DA:185,0
DA:186,0
DA:187,0
DA:188,0
DA:189,0
DA:190,0
DA:191,0
DA:193,0
DA:194,0
DA:197,52
DA:198,45
DA:199,46
DA:200,46
DA:201,46
DA:204,51
DA:205,45
DA:206,46
DA:207,46
DA:208,46
DA:210,45
DA:211,46
DA:212,46
DA:213,46
DA:214,46
DA:215,46
DA:216,46
DA:217,46
DA:218,46
DA:219,0
DA:220,0
DA:221,0
DA:222,0
DA:223,0
DA:224,0
DA:225,0
DA:226,46
DA:227,46
DA:228,46
DA:229,46
DA:230,46
DA:231,46
DA:232,46
DA:233,46
DA:234,46
DA:235,46
DA:236,46
DA:237,46
DA:238,46
DA:239,46
DA:240,46
DA:241,184
DA:242,46
DA:244,46
DA:247,49
DA:248,45
DA:249,51
DA:250,0
DA:251,0
DA:252,51
DA:254,153
DA:255,51
DA:256,204
DA:257,51
DA:258,51
DA:259,45
DA:265,0
DA:266,0
DA:268,0
DA:270,0
DA:272,0
DA:273,0
DA:274,0
DA:275,0
DA:276,0
DA:279,0
DA:281,0
DA:283,0
DA:284,0
LH:129
LF:201
end_of_record
SF:/home/schlpbch/code/deno-mcp-gateway/src/backend.ts
FN:17,getBackendSession
FN:36,sendJsonRpcRequest
FN:98,sendToBackend
FN:137,checkBackendHealth
FN:179,fetchToolsFromServer
FN:198,fetchResourcesFromServer
FN:225,fetchPromptsFromServer
FN:246,callToolOnServer
FN:274,readResourceFromServer
FN:296,getPromptFromServer
FNDA:2,getBackendSession
FNDA:2,sendJsonRpcRequest
FNDA:2,sendToBackend
FNDA:0,checkBackendHealth
FNDA:2,fetchToolsFromServer
FNDA:0,fetchResourcesFromServer
FNDA:0,fetchPromptsFromServer
FNDA:1,callToolOnServer
FNDA:1,readResourceFromServer
FNDA:1,getPromptFromServer
FNF:10
FNH:7
BRDA:22,1,0,0
BRDA:51,2,0,0
BRDA:66,2,1,0
BRDA:75,2,2,0
BRDA:181,7,0,0
BRDA:253,11,0,0
BRDA:280,12,0,0
BRDA:288,12,1,0
BRDA:305,13,0,0
BRF:9
BRH:0
DA:6,1
DA:8,1
DA:10,1
DA:11,1
DA:12,1
DA:17,1
DA:18,1
DA:20,3
DA:21,3
DA:22,3
DA:24,0
DA:25,0
DA:26,0
DA:27,0
DA:30,0
DA:31,3
DA:36,1
DA:37,1
DA:38,1
DA:39,1
DA:40,1
DA:41,1
DA:43,3
DA:44,0
DA:46,3
DA:47,3
DA:48,3
DA:49,3
DA:51,0
DA:52,0
DA:53,0
DA:55,3
DA:56,3
DA:57,3
DA:58,3
DA:59,3
DA:60,3
DA:61,3
DA:62,3
DA:63,3
DA:64,3
DA:65,3
DA:66,3
DA:68,0
DA:69,0
DA:70,0
DA:72,0
DA:75,0
DA:76,0
DA:77,0
DA:78,0
DA:79,0
DA:80,0
DA:81,0
DA:82,0
DA:83,0
DA:84,0
DA:85,0
DA:87,0
DA:88,0
DA:89,0
DA:90,0
DA:91,3
DA:92,3
DA:93,3
DA:98,1
DA:99,1
DA:100,1
DA:101,1
DA:102,1
DA:104,3
DA:105,3
DA:106,3
DA:107,3
DA:108,3
DA:110,3
DA:111,5
DA:112,5
DA:113,5
DA:114,5
DA:115,5
DA:116,5
DA:117,5
DA:119,3
DA:120,3
DA:137,0
DA:138,0
DA:140,0
DA:141,0
DA:144,0
DA:145,0
DA:146,0
DA:147,0
DA:148,0
DA:149,0
DA:150,0
DA:151,0
DA:152,0
DA:154,0
DA:155,0
DA:156,0
DA:157,0
DA:158,0
DA:159,0
DA:160,0
DA:161,0
DA:162,0
DA:163,0
DA:164,0
DA:165,0
DA:166,0
DA:167,0
DA:168,0
DA:169,0
DA:170,0
DA:171,0
DA:172,0
DA:173,0
DA:174,0
DA:179,1
DA:180,3
DA:181,3
DA:184,0
DA:185,0
DA:187,0
DA:188,0
DA:189,3
DA:190,3
DA:191,3
DA:192,3
DA:193,3
DA:198,0
DA:199,0
DA:201,0
DA:202,0
DA:205,0
DA:206,0
DA:207,0
DA:208,0
DA:209,0
DA:210,0
DA:211,0
DA:212,0
DA:213,0
DA:214,0
DA:215,0
DA:216,0
DA:217,0
DA:218,0
DA:219,0
DA:220,0
DA:225,0
DA:226,0
DA:228,0
DA:229,0
DA:232,0
DA:233,0
DA:235,0
DA:236,0
DA:237,0
DA:238,0
DA:239,0
DA:240,0
DA:241,0
DA:246,1
DA:247,1
DA:248,1
DA:249,1
DA:252,2
DA:253,0
DA:254,0
DA:255,0
DA:256,0
DA:257,0
DA:259,0
DA:260,0
DA:261,0
DA:262,0
DA:264,0
DA:265,0
DA:266,0
DA:267,0
DA:268,0
DA:269,2
DA:274,1
DA:275,1
DA:276,1
DA:279,2
DA:280,0
DA:281,0
DA:282,0
DA:284,2
DA:285,2
DA:286,2
DA:287,2
DA:288,2
DA:290,0
DA:291,2
DA:296,1
DA:297,1
DA:298,1
DA:299,1
DA:302,2
DA:303,2
DA:304,2
DA:305,2
DA:306,0
DA:307,0
DA:309,0
DA:310,0
DA:311,0
DA:312,0
DA:314,0
DA:315,0
DA:316,0
DA:317,0
DA:318,2
LH:90
LF:217
end_of_record
SF:/home/schlpbch/code/deno-mcp-gateway/src/circuitbreaker/CircuitBreaker.ts
FN:48,<instance_members_initializer>
FN:60,CircuitBreaker
FN:70,execute
FN:97,onSuccess
FN:114,onFailure
FN:148,getState
FN:155,getStatus
FN:167,reset
FN:180,<instance_members_initializer>
FN:185,getOrCreate
FN:198,getAllStatuses
FN:209,resetAll
FNDA:38,<instance_members_initializer>
FNDA:38,CircuitBreaker
FNDA:54,execute
FNDA:16,onSuccess
FNDA:32,onFailure
FNDA:21,getState
FNDA:20,getStatus
FNDA:3,reset
FNDA:11,<instance_members_initializer>
FNDA:14,getOrCreate
FNDA:10,getAllStatuses
FNDA:1,resetAll
FNF:12
FNH:12
BRDA:61,3,0,18
BRDA:62,3,1,34
BRDA:63,3,2,32
BRDA:64,3,3,36
BRDA:72,4,0,10
BRDA:74,4,1,7
BRDA:74,4,2,4
BRDA:78,4,3,6
BRDA:82,4,4,48
BRDA:85,4,5,39
BRDA:85,4,6,16
BRDA:88,4,7,32
BRDA:100,5,0,3
BRDA:102,5,1,2
BRDA:118,6,0,31
BRDA:118,6,1,23
BRDA:120,6,2,9
BRDA:126,6,3,1
BRDA:133,6,4,31
BRDA:136,6,5,15
BRDA:189,11,0,12
BRDA:200,12,0,7
BRDA:210,13,0,2
BRF:23
BRH:23
DA:8,3
DA:9,3
DA:14,3
DA:17,3
DA:18,3
DA:19,3
DA:20,3
DA:21,3
DA:22,3
DA:23,3
DA:25,9
DA:48,3
DA:49,82
DA:50,82
DA:51,82
DA:52,82
DA:53,82
DA:55,41
DA:56,41
DA:57,41
DA:58,3
DA:60,44
DA:61,41
DA:62,41
DA:63,41
DA:64,41
DA:65,41
DA:70,3
DA:72,57
DA:73,67
DA:74,67
DA:75,78
DA:76,78
DA:77,78
DA:78,74
DA:79,80
DA:80,80
DA:81,80
DA:82,67
DA:84,105
DA:85,105
DA:86,112
DA:87,112
DA:88,96
DA:89,128
DA:90,128
DA:91,128
DA:92,57
DA:97,3
DA:98,19
DA:100,19
DA:101,22
DA:102,22
DA:103,24
DA:104,24
DA:105,24
DA:107,24
DA:108,22
DA:109,19
DA:114,3
DA:115,35
DA:118,35
DA:119,89
DA:120,66
DA:121,75
DA:122,75
DA:124,35
DA:126,35
DA:128,36
DA:129,36
DA:130,36
DA:131,36
DA:133,35
DA:134,35
DA:135,35
DA:136,35
DA:137,81
DA:138,81
DA:139,81
DA:140,81
DA:142,81
DA:143,35
DA:148,3
DA:149,24
DA:150,24
DA:155,3
DA:156,23
DA:157,23
DA:158,23
DA:159,23
DA:160,23
DA:161,23
DA:162,23
DA:167,3
DA:168,6
DA:169,6
DA:170,6
DA:171,6
DA:172,6
DA:173,6
DA:174,3
DA:179,3
DA:180,3
DA:185,3
DA:186,3
DA:187,3
DA:188,3
DA:189,17
DA:190,29
DA:191,29
DA:192,17
DA:193,17
DA:198,3
DA:199,13
DA:200,13
DA:201,20
DA:202,20
DA:203,13
DA:204,13
DA:209,3
DA:210,4
DA:211,6
DA:212,6
DA:213,4
DA:214,3
DA:217,3
LH:126
LF:126
end_of_record
SF:/home/schlpbch/code/deno-mcp-gateway/src/circuitbreaker/errors.ts
FN:8,<instance_members_initializer>
FN:9,CircuitBreakerError
FN:23,CircuitOpenError
FN:36,<instance_members_initializer>
FN:37,CircuitBreakerOperationError
FN:58,CircuitStateTransitionError
FN:76,isCircuitBreakerError
FN:83,isCircuitOpenError
FN:90,isCircuitBreakerOperationError
FNDA:25,<instance_members_initializer>
FNDA:25,CircuitBreakerError
FNDA:15,CircuitOpenError
FNDA:7,<instance_members_initializer>
FNDA:7,CircuitBreakerOperationError
FNDA:1,CircuitStateTransitionError
FNDA:5,isCircuitBreakerError
FNDA:13,isCircuitOpenError
FNDA:4,isCircuitBreakerOperationError
FNF:9
FNH:9
BRDA:42,5,0,6
BRDA:43,5,1,1
BRF:2
BRH:2
DA:8,4
DA:9,4
DA:10,4
DA:11,33
DA:12,33
DA:13,4
DA:14,29
DA:15,29
DA:16,29
DA:17,4
DA:22,4
DA:23,4
DA:24,19
DA:25,19
DA:26,19
DA:27,19
DA:29,19
DA:30,19
DA:31,4
DA:36,4
DA:37,4
DA:38,4
DA:39,15
DA:40,4
DA:41,11
DA:42,11
DA:43,11
DA:44,11
DA:45,11
DA:46,11
DA:47,11
DA:48,11
DA:50,11
DA:51,11
DA:52,4
DA:57,4
DA:58,4
DA:59,4
DA:60,4
DA:61,4
DA:62,4
DA:63,4
DA:64,5
DA:65,5
DA:66,5
DA:67,5
DA:69,5
DA:70,5
DA:71,4
DA:76,4
DA:77,9
DA:78,9
DA:83,4
DA:84,17
DA:85,17
DA:90,4
DA:91,4
DA:93,8
DA:94,8
LH:59
LF:59
end_of_record
SF:/home/schlpbch/code/deno-mcp-gateway/src/circuitbreaker/mod.ts
FNF:0
FNH:0
BRF:0
BRH:0
DA:7,3
DA:8,3
DA:9,3
DA:10,3
DA:13,3
DA:14,3
DA:15,3
DA:16,3
DA:17,3
DA:18,3
DA:20,3
LH:11
LF:11
end_of_record
SF:/home/schlpbch/code/deno-mcp-gateway/src/config.ts
FN:26,initializeServersFromEnv
FNDA:1,initializeServersFromEnv
FNF:1
FNH:1
BRDA:31,1,0,0
BRDA:42,1,1,0
BRDA:53,1,2,0
BRDA:64,1,3,0
BRF:4
BRH:0
DA:13,1
DA:14,1
DA:15,1
DA:16,1
DA:17,1
DA:26,1
DA:27,2
DA:30,2
DA:31,0
DA:32,0
DA:33,0
DA:34,0
DA:35,0
DA:36,0
DA:37,0
DA:38,0
DA:41,2
DA:42,0
DA:43,0
DA:44,0
DA:45,0
DA:46,0
DA:47,0
DA:48,0
DA:49,0
DA:52,2
DA:53,0
DA:54,0
DA:55,0
DA:56,0
DA:57,0
DA:58,0
DA:59,0
DA:60,0
DA:63,2
DA:64,0
DA:65,0
DA:66,0
DA:67,0
DA:68,0
DA:69,0
DA:70,0
DA:71,0
DA:73,2
DA:74,2
DA:76,1
DA:77,1
DA:78,1
DA:79,1
DA:80,1
LH:18
LF:50
end_of_record
SF:/home/schlpbch/code/deno-mcp-gateway/src/endpoints/serverConfigUpload.ts
FN:35,validateServerConfiguration
FN:107,extractServersFromConfig
FN:135,parseMultipartFormData
FN:180,buildRegistrationResponse
FN:195,buildBulkUploadResponse
FN:216,buildHealthStatusResponse
FN:231,buildErrorResponse
FN:244,jsonResponse
FNDA:0,validateServerConfiguration
FNDA:0,extractServersFromConfig
FNDA:0,parseMultipartFormData
FNDA:0,buildRegistrationResponse
FNDA:0,buildBulkUploadResponse
FNDA:0,buildHealthStatusResponse
FNDA:0,buildErrorResponse
FNDA:2,jsonResponse
FNF:8
FNH:1
BRDA:253,8,0,0
BRF:1
BRH:0
DA:35,0
DA:36,0
DA:38,0
DA:40,0
DA:41,0
DA:42,0
DA:43,0
DA:45,0
DA:47,0
DA:48,0
DA:49,0
DA:50,0
DA:52,0
DA:54,0
DA:55,0
DA:57,0
DA:58,0
DA:59,0
DA:60,0
DA:62,0
DA:65,0
DA:66,0
DA:67,0
DA:69,0
DA:70,0
DA:71,0
DA:73,0
DA:74,0
DA:75,0
DA:77,0
DA:78,0
DA:79,0
DA:81,0
DA:82,0
DA:83,0
DA:85,0
DA:86,0
DA:87,0
DA:88,0
DA:89,0
DA:90,0
DA:93,0
DA:94,0
DA:95,0
DA:96,0
DA:97,0
DA:98,0
DA:99,0
DA:101,0
DA:102,0
DA:107,0
DA:108,0
DA:110,0
DA:111,0
DA:112,0
DA:114,0
DA:116,0
DA:117,0
DA:118,0
DA:120,0
DA:121,0
DA:122,0
DA:123,0
DA:124,0
DA:125,0
DA:126,0
DA:127,0
DA:128,0
DA:129,0
DA:130,0
DA:135,0
DA:136,0
DA:138,0
DA:139,0
DA:141,0
DA:142,0
DA:144,0
DA:145,0
DA:146,0
DA:148,0
DA:149,0
DA:151,0
DA:153,0
DA:154,0
DA:155,0
DA:156,0
DA:157,0
DA:158,0
DA:159,0
DA:160,0
DA:161,0
DA:163,0
DA:164,0
DA:165,0
DA:166,0
DA:167,0
DA:168,0
DA:169,0
DA:170,0
DA:172,0
DA:174,0
DA:175,0
DA:180,0
DA:181,0
DA:182,0
DA:183,0
DA:185,0
DA:186,0
DA:187,0
DA:188,0
DA:189,0
DA:190,0
DA:195,0
DA:196,0
DA:197,0
DA:198,0
DA:200,0
DA:201,0
DA:204,0
DA:205,0
DA:206,0
DA:207,0
DA:208,0
DA:209,0
DA:210,0
DA:211,0
DA:216,0
DA:217,0
DA:218,0
DA:219,0
DA:221,0
DA:222,0
DA:223,0
DA:224,0
DA:225,0
DA:226,0
DA:231,0
DA:232,0
DA:233,0
DA:235,0
DA:236,0
DA:237,0
DA:238,0
DA:239,0
DA:244,1
DA:245,1
DA:246,1
DA:247,1
DA:249,3
DA:250,3
DA:251,3
DA:252,3
DA:253,0
DA:254,3
DA:255,3
DA:256,3
LH:11
LF:156
end_of_record
SF:/home/schlpbch/code/deno-mcp-gateway/src/handlers.ts
FN:25,handleCors
FN:32,handleStaticFile
FN:79,handleHealth
FN:113,handleMetrics
FN:141,handleSseStream
FN:203,handleMessage
FN:262,handleStreamableHttp
FN:333,start
FN:361,handleMcpGetStream
FN:429,handleMcpDeleteSession
FN:448,handleRegisterServer
FN:500,handleUploadConfig
FN:589,handleDeleteServer
FN:612,handleServerHealth
FN:659,handle404
FNDA:3,handleCors
FNDA:41,handleStaticFile
FNDA:6,handleHealth
FNDA:7,handleMetrics
FNDA:0,handleSseStream
FNDA:0,handleMessage
FNDA:4,handleStreamableHttp
FNDA:0,start
FNDA:0,handleMcpGetStream
FNDA:0,handleMcpDeleteSession
FNDA:2,handleRegisterServer
FNDA:0,handleUploadConfig
FNDA:1,handleDeleteServer
FNDA:1,handleServerHealth
FNDA:4,handle404
FNF:15
FNH:9
BRDA:33,2,0,0
BRDA:35,2,1,0
BRDA:55,2,2,19
BRDA:56,2,3,13
BRDA:58,2,4,6
BRDA:60,2,5,0
BRDA:90,3,0,0
BRDA:91,3,1,0
BRDA:128,8,0,0
BRDA:269,11,0,0
BRDA:271,11,1,0
BRDA:293,11,2,0
BRDA:300,11,3,3
BRDA:303,11,4,3
BRDA:306,11,5,1
BRDA:309,11,6,0
BRDA:319,11,7,0
BRDA:330,11,8,0
BRDA:349,11,9,0
BRDA:351,11,10,0
BRDA:454,15,0,1
BRDA:454,15,1,1
BRDA:466,15,2,0
BRDA:471,15,3,1
BRDA:599,17,0,0
BRDA:624,18,0,0
BRDA:641,18,1,0
BRDA:645,18,2,0
BRF:28
BRH:9
DA:6,1
DA:7,1
DA:8,1
DA:9,1
DA:10,1
DA:11,1
DA:12,1
DA:13,1
DA:14,1
DA:15,1
DA:16,1
DA:17,1
DA:18,1
DA:19,1
DA:25,1
DA:26,16
DA:27,4
DA:32,1
DA:33,0
DA:34,42
DA:35,42
DA:38,0
DA:39,0
DA:40,0
DA:41,0
DA:42,0
DA:43,0
DA:44,0
DA:45,0
DA:46,0
DA:47,0
DA:49,0
DA:50,0
DA:51,0
DA:52,0
DA:54,42
DA:55,42
DA:56,42
DA:57,42
DA:58,42
DA:59,48
DA:60,48
DA:61,0
DA:62,0
DA:63,0
DA:64,0
DA:65,0
DA:66,0
DA:67,0
DA:69,48
DA:70,48
DA:71,42
DA:73,42
DA:74,42
DA:79,1
DA:80,1
DA:82,0
DA:83,0
DA:85,0
DA:86,0
DA:88,7
DA:89,7
DA:90,0
DA:91,0
DA:92,0
DA:93,0
DA:94,0
DA:95,0
DA:96,0
DA:97,0
DA:98,0
DA:99,0
DA:100,0
DA:101,0
DA:102,0
DA:103,7
DA:104,7
DA:105,28
DA:106,7
DA:108,7
DA:113,1
DA:114,8
DA:115,8
DA:116,8
DA:117,8
DA:118,8
DA:119,8
DA:120,8
DA:121,8
DA:122,8
DA:123,0
DA:124,0
DA:125,0
DA:126,0
DA:127,0
DA:128,0
DA:129,0
DA:130,8
DA:131,8
DA:132,8
DA:133,32
DA:134,8
DA:136,8
DA:141,0
DA:142,0
DA:143,0
DA:145,0
DA:147,0
DA:148,0
DA:149,0
DA:150,0
DA:151,0
DA:152,0
DA:153,0
DA:156,0
DA:157,0
DA:160,0
DA:161,0
DA:162,0
DA:163,0
DA:164,0
DA:165,0
DA:166,0
DA:167,0
DA:170,0
DA:171,0
DA:172,0
DA:173,0
DA:174,0
DA:175,0
DA:177,0
DA:178,0
DA:181,0
DA:182,0
DA:183,0
DA:184,0
DA:185,0
DA:186,0
DA:187,0
DA:188,0
DA:190,0
DA:191,0
DA:192,0
DA:193,0
DA:194,0
DA:195,0
DA:196,0
DA:197,0
DA:198,0
DA:203,0
DA:204,0
DA:205,0
DA:206,0
DA:208,0
DA:209,0
DA:210,0
DA:211,0
DA:212,0
DA:213,0
DA:214,0
DA:216,0
DA:218,0
DA:219,0
DA:220,0
DA:221,0
DA:222,0
DA:224,0
DA:225,0
DA:226,0
DA:227,0
DA:229,0
DA:231,0
DA:233,0
DA:234,0
DA:237,0
DA:238,0
DA:239,0
DA:242,0
DA:243,0
DA:245,0
DA:246,0
DA:247,0
DA:248,0
DA:249,0
DA:251,0
DA:252,0
DA:253,0
DA:255,0
DA:256,0
DA:257,0
DA:262,1
DA:263,1
DA:264,1
DA:265,1
DA:267,5
DA:268,5
DA:269,0
DA:271,0
DA:272,0
DA:273,0
DA:274,0
DA:276,0
DA:277,0
DA:278,0
DA:279,0
DA:281,0
DA:284,5
DA:285,5
DA:287,5
DA:288,5
DA:289,5
DA:290,5
DA:293,10
DA:294,5
DA:296,5
DA:297,5
DA:299,5
DA:300,5
DA:303,5
DA:304,8
DA:305,8
DA:306,5
DA:307,6
DA:308,0
DA:309,0
DA:311,6
DA:312,6
DA:313,6
DA:314,6
DA:315,5
DA:318,5
DA:319,0
DA:320,5
DA:321,5
DA:322,5
DA:325,5
DA:326,5
DA:327,5
DA:330,0
DA:331,0
DA:332,0
DA:333,0
DA:335,0
DA:336,0
DA:337,0
DA:338,0
DA:339,0
DA:340,0
DA:341,0
DA:342,0
DA:343,0
DA:345,0
DA:346,0
DA:349,0
DA:350,0
DA:351,0
DA:353,5
DA:354,5
DA:355,5
DA:356,5
DA:361,0
DA:362,0
DA:363,0
DA:364,0
DA:365,0
DA:366,0
DA:367,0
DA:368,0
DA:369,0
DA:370,0
DA:372,0
DA:374,0
DA:376,0
DA:377,0
DA:379,0
DA:380,0
DA:381,0
DA:382,0
DA:383,0
DA:386,0
DA:387,0
DA:388,0
DA:389,0
DA:390,0
DA:391,0
DA:392,0
DA:393,0
DA:396,0
DA:397,0
DA:398,0
DA:399,0
DA:400,0
DA:401,0
DA:403,0
DA:404,0
DA:406,0
DA:407,0
DA:408,0
DA:409,0
DA:410,0
DA:411,0
DA:412,0
DA:413,0
DA:415,0
DA:416,0
DA:417,0
DA:418,0
DA:419,0
DA:420,0
DA:421,0
DA:422,0
DA:423,0
DA:424,0
DA:429,0
DA:430,0
DA:431,0
DA:432,0
DA:433,0
DA:434,0
DA:435,0
DA:437,0
DA:438,0
DA:439,0
DA:440,0
DA:442,0
DA:443,0
DA:448,1
DA:449,1
DA:450,1
DA:452,3
DA:454,3
DA:455,4
DA:456,4
DA:457,4
DA:458,4
DA:459,16
DA:461,4
DA:464,4
DA:465,4
DA:466,0
DA:467,0
DA:468,0
DA:469,0
DA:471,0
DA:474,4
DA:475,4
DA:476,4
DA:477,4
DA:478,4
DA:479,3
DA:482,3
DA:483,3
DA:484,3
DA:487,3
DA:488,3
DA:489,3
DA:490,3
DA:491,3
DA:492,3
DA:493,12
DA:495,3
DA:500,0
DA:501,0
DA:502,0
DA:504,0
DA:505,0
DA:506,0
DA:507,0
DA:508,0
DA:509,0
DA:511,0
DA:513,0
DA:514,0
DA:515,0
DA:518,0
DA:519,0
DA:520,0
DA:521,0
DA:522,0
DA:523,0
DA:525,0
DA:527,0
DA:528,0
DA:529,0
DA:531,0
DA:532,0
DA:533,0
DA:534,0
DA:535,0
DA:536,0
DA:537,0
DA:538,0
DA:539,0
DA:541,0
DA:542,0
DA:543,0
DA:544,0
DA:545,0
DA:547,0
DA:550,0
DA:551,0
DA:553,0
DA:554,0
DA:555,0
DA:556,0
DA:557,0
DA:559,0
DA:562,0
DA:563,0
DA:564,0
DA:567,0
DA:568,0
DA:569,0
DA:570,0
DA:571,0
DA:572,0
DA:573,0
DA:574,0
DA:575,0
DA:576,0
DA:577,0
DA:578,0
DA:579,0
DA:580,0
DA:582,0
DA:583,0
DA:584,0
DA:589,1
DA:590,1
DA:591,1
DA:593,2
DA:594,2
DA:595,6
DA:596,2
DA:597,2
DA:599,2
DA:601,0
DA:602,0
DA:603,0
DA:604,0
DA:605,0
DA:607,2
DA:612,1
DA:613,1
DA:614,1
DA:616,2
DA:618,2
DA:619,2
DA:620,6
DA:621,2
DA:622,2
DA:624,2
DA:627,0
DA:628,0
DA:629,0
DA:631,0
DA:632,0
DA:633,0
DA:634,0
DA:636,0
DA:638,0
DA:639,0
DA:640,0
DA:641,0
DA:644,2
DA:645,0
DA:646,0
DA:647,0
DA:648,0
DA:649,0
DA:652,0
DA:653,0
DA:654,2
DA:659,1
DA:660,15
DA:661,5
DA:662,20
DA:663,5
DA:664,5
LH:154
LF:479
end_of_record
SF:/home/schlpbch/code/deno-mcp-gateway/src/jsonrpc.ts
FN:5,jsonRpcResponse
FN:11,jsonRpcError
FNDA:3,jsonRpcResponse
FNDA:1,jsonRpcError
FNF:2
FNH:2
BRF:0
BRH:0
DA:5,1
DA:6,4
DA:7,4
DA:8,4
DA:9,1
DA:11,1
DA:12,1
DA:13,1
DA:14,1
DA:15,1
DA:16,2
DA:17,2
DA:18,8
DA:19,1
LH:14
LF:14
end_of_record
SF:/home/schlpbch/code/deno-mcp-gateway/src/mcprequest.ts
FN:20,createGetServer
FN:32,getAllServers
FN:46,handleJsonRpcRequest
FNDA:15,createGetServer
FNDA:15,getAllServers
FNDA:15,handleJsonRpcRequest
FNF:3
FNH:3
BRDA:56,7,0,0
BRDA:70,7,1,0
BRDA:73,7,2,9
BRDA:80,7,3,1
BRDA:86,7,4,1
BRDA:93,7,5,1
BRDA:98,7,6,1
BRDA:105,7,7,1
BRDA:111,7,8,0
BRDA:114,7,9,1
BRF:10
BRH:7
DA:6,1
DA:7,1
DA:8,1
DA:9,1
DA:10,1
DA:11,1
DA:12,1
DA:13,1
DA:14,1
DA:20,1
DA:21,1
DA:22,1
DA:24,16
DA:25,0
DA:26,16
DA:27,16
DA:32,1
DA:33,1
DA:34,1
DA:37,16
DA:38,0
DA:39,16
DA:40,16
DA:41,16
DA:46,1
DA:47,1
DA:48,1
DA:49,1
DA:50,1
DA:52,16
DA:53,16
DA:55,16
DA:56,0
DA:57,0
DA:58,0
DA:59,0
DA:60,0
DA:61,0
DA:62,0
DA:63,0
DA:64,0
DA:65,0
DA:66,0
DA:67,0
DA:68,0
DA:70,0
DA:71,0
DA:73,41
DA:74,25
DA:75,25
DA:77,75
DA:78,25
DA:80,33
DA:81,17
DA:82,17
DA:83,17
DA:84,17
DA:86,33
DA:87,0
DA:88,0
DA:90,51
DA:91,17
DA:93,33
DA:94,17
DA:95,17
DA:96,17
DA:98,33
DA:99,0
DA:100,0
DA:102,51
DA:103,17
DA:105,33
DA:106,17
DA:107,17
DA:108,17
DA:109,17
DA:111,0
DA:112,0
DA:114,16
DA:115,17
DA:116,16
DA:117,16
LH:59
LF:82
end_of_record
SF:/home/schlpbch/code/deno-mcp-gateway/src/registry/ServerRegistry.ts
FN:34,<instance_members_initializer>
FN:42,register
FN:69,unregister
FN:94,getServer
FN:101,listServers
FN:108,getHealthyServers
FN:119,updateHealth
FN:134,resolveToolServer
FN:156,resolveResourceServer
FN:173,resolvePromptServer
FN:195,getStatuses
FN:206,resetAll
FN:216,resetHealth
FN:227,getRegistry
FN:234,resetRegistry
FNDA:22,<instance_members_initializer>
FNDA:19,register
FNDA:2,unregister
FNDA:6,getServer
FNDA:6,listServers
FNDA:1,getHealthyServers
FNDA:6,updateHealth
FNDA:6,resolveToolServer
FNDA:4,resolveResourceServer
FNDA:4,resolvePromptServer
FNDA:1,getStatuses
FNDA:1,resetAll
FNDA:1,resetHealth
FNDA:3,getRegistry
FNDA:2,resetRegistry
FNF:15
FNH:15
BRDA:43,2,0,1
BRDA:45,2,1,18
BRDA:71,6,0,1
BRDA:95,10,0,0
BRDA:111,13,0,1
BRDA:121,14,0,1
BRDA:123,14,1,5
BRDA:137,15,0,5
BRDA:140,15,1,1
BRDA:144,15,2,0
BRDA:148,15,3,1
BRDA:158,16,0,1
BRDA:160,16,1,3
BRDA:163,16,2,0
BRDA:165,16,3,3
BRDA:176,17,0,3
BRDA:179,17,1,1
BRDA:183,17,2,0
BRDA:187,17,3,1
BRDA:198,18,0,0
BRDA:228,21,0,2
BRF:21
BRH:16
DA:33,1
DA:34,1
DA:35,23
DA:36,23
DA:37,1
DA:42,1
DA:43,20
DA:44,21
DA:45,21
DA:47,38
DA:48,38
DA:49,114
DA:50,20
DA:53,20
DA:54,30
DA:55,20
DA:57,20
DA:58,23
DA:59,20
DA:61,20
DA:62,24
DA:63,20
DA:64,20
DA:69,1
DA:70,3
DA:71,3
DA:72,4
DA:73,4
DA:76,0
DA:77,0
DA:78,0
DA:80,0
DA:81,0
DA:82,0
DA:84,0
DA:85,0
DA:86,0
DA:88,4
DA:89,3
DA:94,1
DA:95,0
DA:96,7
DA:101,1
DA:102,7
DA:103,7
DA:108,1
DA:109,2
DA:110,2
DA:111,2
DA:112,2
DA:114,2
DA:119,1
DA:120,7
DA:121,7
DA:122,8
DA:123,8
DA:125,12
DA:126,12
DA:127,12
DA:128,12
DA:129,7
DA:134,1
DA:136,7
DA:137,7
DA:138,12
DA:139,12
DA:140,12
DA:143,8
DA:144,0
DA:145,0
DA:146,0
DA:147,0
DA:148,0
DA:150,8
DA:151,7
DA:156,1
DA:157,5
DA:158,5
DA:159,6
DA:160,6
DA:162,8
DA:163,0
DA:164,0
DA:165,0
DA:167,8
DA:168,5
DA:173,1
DA:175,5
DA:176,5
DA:177,8
DA:178,8
DA:179,8
DA:182,6
DA:183,0
DA:184,0
DA:185,0
DA:186,0
DA:187,0
DA:189,6
DA:190,5
DA:195,1
DA:196,2
DA:197,2
DA:198,0
DA:199,2
DA:200,2
DA:201,2
DA:206,1
DA:207,2
DA:208,2
DA:209,2
DA:210,2
DA:211,2
DA:216,1
DA:217,2
DA:218,2
DA:219,6
DA:220,2
DA:221,2
DA:222,1
DA:225,1
DA:227,1
DA:228,4
DA:229,6
DA:230,6
DA:231,4
DA:232,4
DA:234,1
DA:235,3
DA:236,3
LH:106
LF:130
end_of_record
SF:/home/schlpbch/code/deno-mcp-gateway/src/session.ts
FN:33,sendSSE
FNDA:0,sendSSE
FNF:1
FNH:0
BRF:0
BRH:0
DA:20,1
DA:22,1
DA:23,1
DA:24,1
DA:25,1
DA:26,1
DA:27,1
DA:28,1
DA:33,0
DA:34,0
DA:35,0
DA:36,0
DA:37,0
DA:38,0
DA:39,0
DA:40,0
DA:41,0
DA:42,0
DA:43,0
DA:44,0
DA:45,0
DA:46,0
LH:8
LF:22
end_of_record
